<?xml version="1.0" encoding="UTF-8"?>
<!-- Generated by org.testng.reporters.JUnitReportReporter -->
<testsuite skipped="0" hostname="LAPTOP-M6F29H3O" name="com.rediff.CucumberOptions.RediffRunner" tests="3" failures="0" timestamp="15 May 2020 07:13:22 GMT" time="31.514" errors="0">
  <testcase name="runScenario" time="9.649" classname="com.rediff.CucumberOptions.RediffRunner"/>
  <testcase name="runScenario" time="10.391" classname="com.rediff.CucumberOptions.RediffRunner"/>
  <testcase name="runScenario" time="11.474" classname="com.rediff.CucumberOptions.RediffRunner"/>
</testsuite> <!-- com.rediff.CucumberOptions.RediffRunner -->
