<?xml version="1.0" encoding="UTF-8"?>
<!-- Generated by org.testng.reporters.JUnitReportReporter -->
<testsuite skipped="0" hostname="LAPTOP-M6F29H3O" name="com.rediff.Rediff.com.AppTest" tests="1" failures="0" timestamp="2020-05-15T11:55:38 IST" time="0.016" errors="0">
  <testcase name="testApp" time="0.016" classname="com.rediff.Rediff.com.AppTest"/>
  <system-out/>
</testsuite> <!-- com.rediff.Rediff.com.AppTest -->
